
VCFtools - 0.1.16
(C) Adam Auton and Anthony Marcketta 2009

Parameters as interpreted:
	--vcf /home/cat/projects/GWAS_analysis/variants/SNP_p001.vcf
	--out my
	--plink

Warning: Expected at least 2 parts in INFO entry: ID=SGB,Number=1,Type=Float,Description="Segregation based metric, http://samtools.github.io/bcftools/rd-SegBias.pdf">
Warning: Expected at least 2 parts in INFO entry: ID=AC,Number=A,Type=Integer,Description="Allele count in genotypes for each ALT allele, in the same order as listed">
Warning: Expected at least 2 parts in INFO entry: ID=DP4,Number=4,Type=Integer,Description="Number of high-quality ref-forward , ref-reverse, alt-forward and alt-reverse bases">
Warning: Expected at least 2 parts in INFO entry: ID=DP4,Number=4,Type=Integer,Description="Number of high-quality ref-forward , ref-reverse, alt-forward and alt-reverse bases">
After filtering, kept 193 out of 193 Individuals
Writing PLINK PED and MAP files ... 

Unrecognized values used for CHROM: NC_000001.11 - Replacing with 0.
	PLINK: Only outputting biallelic loci.

Unrecognized values used for CHROM: NC_000002.12 - Replacing with 0.

Unrecognized values used for CHROM: NC_000003.12 - Replacing with 0.

Unrecognized values used for CHROM: NC_000004.12 - Replacing with 0.

Unrecognized values used for CHROM: NC_000005.10 - Replacing with 0.

Unrecognized values used for CHROM: NC_000006.12 - Replacing with 0.

Unrecognized values used for CHROM: NC_000007.14 - Replacing with 0.

Unrecognized values used for CHROM: NC_000008.11 - Replacing with 0.

Unrecognized values used for CHROM: NC_000009.12 - Replacing with 0.

Unrecognized values used for CHROM: NC_000010.11 - Replacing with 0.

Unrecognized values used for CHROM: NC_000011.10 - Replacing with 0.

Unrecognized values used for CHROM: NC_000012.12 - Replacing with 0.

Unrecognized values used for CHROM: NC_000013.11 - Replacing with 0.

Unrecognized values used for CHROM: NC_000014.9 - Replacing with 0.

Unrecognized values used for CHROM: NC_000015.10 - Replacing with 0.

Unrecognized values used for CHROM: NC_000016.10 - Replacing with 0.

Unrecognized values used for CHROM: NC_000017.11 - Replacing with 0.

Unrecognized values used for CHROM: NC_000018.10 - Replacing with 0.

Unrecognized values used for CHROM: NC_000019.10 - Replacing with 0.

Unrecognized values used for CHROM: NC_000020.11 - Replacing with 0.

Unrecognized values used for CHROM: NC_000021.9 - Replacing with 0.

Unrecognized values used for CHROM: NC_000022.11 - Replacing with 0.

Unrecognized values used for CHROM: NC_000023.11 - Replacing with 0.

Unrecognized values used for CHROM: NW_025791767.1 - Replacing with 0.

Unrecognized values used for CHROM: NW_018654717.1 - Replacing with 0.

Unrecognized values used for CHROM: NW_009646201.1 - Replacing with 0.

Unrecognized values used for CHROM: NW_003315909.1 - Replacing with 0.

Unrecognized values used for CHROM: NT_187533.1 - Replacing with 0.

Unrecognized values used for CHROM: NT_187585.1 - Replacing with 0.
Done.
After filtering, kept 2478 out of a possible 2478 Sites
Run Time = 0.00 seconds
