PLINK v1.90b7 64-bit (16 Jan 2023)
Options in effect:
  --allow-extra-chr
  --double-id
  --ld-window 100
  --ld-window-kb 1000
  --out your_ld_decay_file
  --r2
  --vcf my_data.vcf

Hostname: cat
Working directory: /home/cat/ld_test
Start time: Thu Jun 15 21:55:19 2023

Random number seed: 1686848119
64179 MB RAM detected; reserving 32089 MB for main workspace.
--vcf: your_ld_decay_file-temporary.bed + your_ld_decay_file-temporary.bim +
your_ld_decay_file-temporary.fam written.
2478 variants loaded from .bim file.
193 people (0 males, 0 females, 193 ambiguous) loaded from .fam.
Ambiguous sex IDs written to your_ld_decay_file.nosex .
Using up to 15 threads (change this with --threads).
Before main variant filters, 193 founders and 0 nonfounders present.
Calculating allele frequencies... done.
Total genotyping rate is 0.931929.
2478 variants and 193 people pass filters and QC.
Note: No phenotypes present.
--r2 to your_ld_decay_file.ld ... done.

End time: Thu Jun 15 21:55:19 2023
